<?xml version="1.0" encoding="UTF-8"?>
<!-- Generated by org.testng.reporters.JUnitReportReporter -->
<testsuite hostname="STUSENT" failures="0" tests="1" name="testCases.TC002LoginTest" time="6.112" errors="0" timestamp="2024-10-05T22:26:03 IST" skipped="0">
  <testcase classname="testCases.TC002LoginTest" name="testLogin" time="6.112"/>
</testsuite> <!-- testCases.TC002LoginTest -->
