<?xml version="1.0" encoding="UTF-8"?>
<!-- Generated by org.testng.reporters.JUnitReportReporter -->
<testsuite hostname="STUSENT" failures="0" tests="1" name="testCases.TestDemo" time="0.028" errors="0" timestamp="2024-09-28T23:03:15 IST" skipped="0">
  <testcase classname="testCases.TestDemo" name="name" time="0.028"/>
</testsuite> <!-- testCases.TestDemo -->
