<?xml version="1.0" encoding="UTF-8"?>
<!-- Generated by org.testng.reporters.JUnitReportReporter -->
<testsuite hostname="STUSENT" failures="0" tests="1" name="utilities.TestDemo" time="9.569" errors="0" timestamp="2024-09-29T10:49:33 IST" skipped="0">
  <testcase classname="utilities.TestDemo" name="openBrowser" time="9.569"/>
</testsuite> <!-- utilities.TestDemo -->
