<?xml version="1.0" encoding="UTF-8"?>
<!-- Generated by org.testng.reporters.JUnitReportReporter -->
<testsuite hostname="STUSENT" failures="0" tests="1" name="testCases.TestScreenshort" time="1.314" errors="0" timestamp="2024-10-02T18:51:11 IST" skipped="0">
  <testcase classname="testCases.TestScreenshort" name="getPhoto" time="1.314"/>
</testsuite> <!-- testCases.TestScreenshort -->
