<?xml version="1.0" encoding="UTF-8"?>
<!-- Generated by org.testng.reporters.JUnitReportReporter -->
<testsuite hostname="STUSENT" failures="0" tests="1" name="testCases.TC001AccountRegistrationTest" time="6.708" errors="0" timestamp="2024-10-05T22:26:03 IST" skipped="0">
  <testcase classname="testCases.TC001AccountRegistrationTest" name="testRegistration" time="6.708"/>
</testsuite> <!-- testCases.TC001AccountRegistrationTest -->
